<?xml version="1.0" encoding="UTF-8"?>
<testng-results ignored="0" total="4" passed="4" failed="0" skipped="0">
  <reporter-output>
  </reporter-output>
  <suite started-at="2021-07-14T13:03:47 IST" name="Suite" finished-at="2021-07-14T13:05:41 IST" duration-ms="114375">
    <groups>
    </groups>
    <test started-at="2021-07-14T13:03:47 IST" name="ChromeTest" finished-at="2021-07-14T13:04:39 IST" duration-ms="52105">
      <class name="com.test.classes.loginTest">
        <test-method is-config="true" signature="launchBrowser(java.lang.String)[pri:0, instance:com.test.classes.loginTest@53aac487]" started-at="2021-07-14T13:03:47 IST" name="launchBrowser" finished-at="2021-07-14T13:03:51 IST" duration-ms="3653" status="PASS">
          <params>
            <param index="0">
              <value>
                <![CDATA[Chrome]]>
              </value>
            </param>
          </params>
          <reporter-output>
          </reporter-output>
        </test-method> <!-- launchBrowser -->
        <test-method is-config="true" signature="beforeclass()[pri:0, instance:com.test.classes.loginTest@53aac487]" started-at="2021-07-14T13:03:51 IST" name="beforeclass" finished-at="2021-07-14T13:03:51 IST" duration-ms="66" status="PASS">
          <reporter-output>
          </reporter-output>
        </test-method> <!-- beforeclass -->
        <test-method is-config="true" signature="beforemethod()[pri:0, instance:com.test.classes.loginTest@53aac487]" started-at="2021-07-14T13:03:51 IST" name="beforemethod" finished-at="2021-07-14T13:04:07 IST" duration-ms="15994" status="PASS">
          <reporter-output>
          </reporter-output>
        </test-method> <!-- beforemethod -->
        <test-method signature="test1()[pri:1, instance:com.test.classes.loginTest@53aac487]" started-at="2021-07-14T13:04:07 IST" name="test1" finished-at="2021-07-14T13:04:16 IST" duration-ms="9343" status="PASS">
          <reporter-output>
          </reporter-output>
        </test-method> <!-- test1 -->
        <test-method is-config="true" signature="aftermethod()[pri:0, instance:com.test.classes.loginTest@53aac487]" started-at="2021-07-14T13:04:16 IST" name="aftermethod" finished-at="2021-07-14T13:04:18 IST" duration-ms="2401" status="PASS">
          <reporter-output>
          </reporter-output>
        </test-method> <!-- aftermethod -->
        <test-method is-config="true" signature="beforemethod()[pri:0, instance:com.test.classes.loginTest@53aac487]" started-at="2021-07-14T13:04:18 IST" name="beforemethod" finished-at="2021-07-14T13:04:27 IST" duration-ms="8976" status="PASS">
          <reporter-output>
          </reporter-output>
        </test-method> <!-- beforemethod -->
        <test-method signature="test2()[pri:2, instance:com.test.classes.loginTest@53aac487]" started-at="2021-07-14T13:04:27 IST" name="test2" finished-at="2021-07-14T13:04:36 IST" duration-ms="8274" status="PASS">
          <reporter-output>
          </reporter-output>
        </test-method> <!-- test2 -->
        <test-method is-config="true" signature="aftermethod()[pri:0, instance:com.test.classes.loginTest@53aac487]" started-at="2021-07-14T13:04:36 IST" name="aftermethod" finished-at="2021-07-14T13:04:38 IST" duration-ms="2415" status="PASS">
          <reporter-output>
          </reporter-output>
        </test-method> <!-- aftermethod -->
        <test-method is-config="true" signature="afterclass()[pri:0, instance:com.test.classes.loginTest@53aac487]" started-at="2021-07-14T13:04:38 IST" name="afterclass" finished-at="2021-07-14T13:04:38 IST" duration-ms="2" status="PASS">
          <reporter-output>
          </reporter-output>
        </test-method> <!-- afterclass -->
        <test-method is-config="true" signature="aftertest()[pri:0, instance:com.test.classes.loginTest@53aac487]" started-at="2021-07-14T13:04:38 IST" name="aftertest" finished-at="2021-07-14T13:04:39 IST" duration-ms="907" status="PASS">
          <reporter-output>
          </reporter-output>
        </test-method> <!-- aftertest -->
      </class> <!-- com.test.classes.loginTest -->
    </test> <!-- ChromeTest -->
    <test started-at="2021-07-14T13:04:39 IST" name="FirefoxTest" finished-at="2021-07-14T13:05:41 IST" duration-ms="62232">
      <class name="com.test.classes.loginTest">
        <test-method is-config="true" signature="launchBrowser(java.lang.String)[pri:0, instance:com.test.classes.loginTest@644baf4a]" started-at="2021-07-14T13:04:39 IST" name="launchBrowser" finished-at="2021-07-14T13:04:47 IST" duration-ms="8165" status="PASS">
          <params>
            <param index="0">
              <value>
                <![CDATA[Firefox]]>
              </value>
            </param>
          </params>
          <reporter-output>
          </reporter-output>
        </test-method> <!-- launchBrowser -->
        <test-method is-config="true" signature="beforeclass()[pri:0, instance:com.test.classes.loginTest@644baf4a]" started-at="2021-07-14T13:04:47 IST" name="beforeclass" finished-at="2021-07-14T13:04:47 IST" duration-ms="1" status="PASS">
          <reporter-output>
          </reporter-output>
        </test-method> <!-- beforeclass -->
        <test-method is-config="true" signature="beforemethod()[pri:0, instance:com.test.classes.loginTest@644baf4a]" started-at="2021-07-14T13:04:47 IST" name="beforemethod" finished-at="2021-07-14T13:05:00 IST" duration-ms="13235" status="PASS">
          <reporter-output>
          </reporter-output>
        </test-method> <!-- beforemethod -->
        <test-method signature="test1()[pri:1, instance:com.test.classes.loginTest@644baf4a]" started-at="2021-07-14T13:05:00 IST" name="test1" finished-at="2021-07-14T13:05:10 IST" duration-ms="9362" status="PASS">
          <reporter-output>
          </reporter-output>
        </test-method> <!-- test1 -->
        <test-method is-config="true" signature="aftermethod()[pri:0, instance:com.test.classes.loginTest@644baf4a]" started-at="2021-07-14T13:05:10 IST" name="aftermethod" finished-at="2021-07-14T13:05:14 IST" duration-ms="4428" status="PASS">
          <reporter-output>
          </reporter-output>
        </test-method> <!-- aftermethod -->
        <test-method is-config="true" signature="beforemethod()[pri:0, instance:com.test.classes.loginTest@644baf4a]" started-at="2021-07-14T13:05:14 IST" name="beforemethod" finished-at="2021-07-14T13:05:23 IST" duration-ms="8523" status="PASS">
          <reporter-output>
          </reporter-output>
        </test-method> <!-- beforemethod -->
        <test-method signature="test2()[pri:2, instance:com.test.classes.loginTest@644baf4a]" started-at="2021-07-14T13:05:23 IST" name="test2" finished-at="2021-07-14T13:05:35 IST" duration-ms="11887" status="PASS">
          <reporter-output>
          </reporter-output>
        </test-method> <!-- test2 -->
        <test-method is-config="true" signature="aftermethod()[pri:0, instance:com.test.classes.loginTest@644baf4a]" started-at="2021-07-14T13:05:35 IST" name="aftermethod" finished-at="2021-07-14T13:05:37 IST" duration-ms="2487" status="PASS">
          <reporter-output>
          </reporter-output>
        </test-method> <!-- aftermethod -->
        <test-method is-config="true" signature="afterclass()[pri:0, instance:com.test.classes.loginTest@644baf4a]" started-at="2021-07-14T13:05:37 IST" name="afterclass" finished-at="2021-07-14T13:05:37 IST" duration-ms="1" status="PASS">
          <reporter-output>
          </reporter-output>
        </test-method> <!-- afterclass -->
        <test-method is-config="true" signature="aftertest()[pri:0, instance:com.test.classes.loginTest@644baf4a]" started-at="2021-07-14T13:05:37 IST" name="aftertest" finished-at="2021-07-14T13:05:41 IST" duration-ms="4127" status="PASS">
          <reporter-output>
          </reporter-output>
        </test-method> <!-- aftertest -->
      </class> <!-- com.test.classes.loginTest -->
    </test> <!-- FirefoxTest -->
  </suite> <!-- Suite -->
</testng-results>
